AH00112: Warning: DocumentRoot [D:/EFYVN/WWW/api-ebhxh-v3/public] does not exist
AH00112: Warning: DocumentRoot [D:/EFYVN/WWW/home/honi-backend/public] does not exist
[Thu Jul 16 17:40:43.032898 2020] [core:warn] [pid 16880:tid 604] AH00098: pid file D:/SERVER/Apache24/logs/httpd.pid overwritten -- Unclean shutdown of previous Apache run?
[Thu Jul 16 17:40:43.158872 2020] [mpm_winnt:notice] [pid 16880:tid 604] AH00455: Apache/2.4.33 (Win64) PHP/7.2.7 configured -- resuming normal operations
[Thu Jul 16 17:40:43.158872 2020] [mpm_winnt:notice] [pid 16880:tid 604] AH00456: Apache Lounge VC15 Server built: Mar 28 2018 12:38:12
[Thu Jul 16 17:40:43.158872 2020] [core:notice] [pid 16880:tid 604] AH00094: Command line: 'D:\\SERVER\\Apache24\\bin\\httpd.exe -d D:/SERVER/Apache24'
[Thu Jul 16 17:40:43.159871 2020] [mpm_winnt:notice] [pid 16880:tid 604] AH00418: Parent: Created child process 9584
AH00112: Warning: DocumentRoot [D:/EFYVN/WWW/api-ebhxh-v3/public] does not exist
AH00112: Warning: DocumentRoot [D:/EFYVN/WWW/home/honi-backend/public] does not exist
AH00112: Warning: DocumentRoot [D:/EFYVN/WWW/api-ebhxh-v3/public] does not exist
AH00112: Warning: DocumentRoot [D:/EFYVN/WWW/home/honi-backend/public] does not exist
Failed loading D:\EFYVN\Php7\ext\php_xdebug-2.9.4-7.2-vc15-x86_64.dll
[Thu Jul 16 17:40:43.515033 2020] [mpm_winnt:notice] [pid 9584:tid 692] AH00354: Child: Starting 64 worker threads.
[Thu Jul 16 17:41:36.766692 2020] [mpm_winnt:notice] [pid 16880:tid 604] AH00422: Parent: Received shutdown signal -- Shutting down the server.
[Thu Jul 16 17:41:38.768545 2020] [mpm_winnt:notice] [pid 9584:tid 692] AH00364: Child: All worker threads have exited.
[Thu Jul 16 17:41:38.842505 2020] [mpm_winnt:notice] [pid 16880:tid 604] AH00430: Parent: Child process 9584 exited successfully.
AH00112: Warning: DocumentRoot [D:/EFYVN/WWW/api-ebhxh-v3/public] does not exist
AH00112: Warning: DocumentRoot [D:/EFYVN/WWW/home/honi-backend/public] does not exist
[Thu Jul 16 17:41:39.727996 2020] [mpm_winnt:notice] [pid 15916:tid 748] AH00455: Apache/2.4.33 (Win64) PHP/7.2.7 configured -- resuming normal operations
[Thu Jul 16 17:41:39.727996 2020] [mpm_winnt:notice] [pid 15916:tid 748] AH00456: Apache Lounge VC15 Server built: Mar 28 2018 12:38:12
[Thu Jul 16 17:41:39.727996 2020] [core:notice] [pid 15916:tid 748] AH00094: Command line: 'D:\\SERVER\\Apache24\\bin\\httpd.exe -d D:/SERVER/Apache24'
[Thu Jul 16 17:41:39.728996 2020] [mpm_winnt:notice] [pid 15916:tid 748] AH00418: Parent: Created child process 2972
AH00112: Warning: DocumentRoot [D:/EFYVN/WWW/api-ebhxh-v3/public] does not exist
AH00112: Warning: DocumentRoot [D:/EFYVN/WWW/home/honi-backend/public] does not exist
AH00112: Warning: DocumentRoot [D:/EFYVN/WWW/api-ebhxh-v3/public] does not exist
AH00112: Warning: DocumentRoot [D:/EFYVN/WWW/home/honi-backend/public] does not exist
[Thu Jul 16 17:41:40.177740 2020] [mpm_winnt:notice] [pid 2972:tid 668] AH00354: Child: Starting 64 worker threads.
[Thu Jul 16 17:56:09.730130 2020] [mpm_winnt:notice] [pid 15916:tid 748] AH00422: Parent: Received shutdown signal -- Shutting down the server.
[Thu Jul 16 17:56:11.733514 2020] [mpm_winnt:notice] [pid 2972:tid 668] AH00364: Child: All worker threads have exited.
[Thu Jul 16 17:56:11.816633 2020] [mpm_winnt:notice] [pid 15916:tid 748] AH00430: Parent: Child process 2972 exited successfully.
[Thu Jul 16 17:56:12.884393 2020] [mpm_winnt:notice] [pid 16332:tid 732] AH00455: Apache/2.4.33 (Win64) PHP/7.2.7 configured -- resuming normal operations
[Thu Jul 16 17:56:12.884393 2020] [mpm_winnt:notice] [pid 16332:tid 732] AH00456: Apache Lounge VC15 Server built: Mar 28 2018 12:38:12
[Thu Jul 16 17:56:12.884393 2020] [core:notice] [pid 16332:tid 732] AH00094: Command line: 'D:\\SERVER\\Apache24\\bin\\httpd.exe -d D:/SERVER/Apache24'
[Thu Jul 16 17:56:12.884393 2020] [mpm_winnt:notice] [pid 16332:tid 732] AH00418: Parent: Created child process 11040
[Thu Jul 16 17:56:13.185155 2020] [mpm_winnt:notice] [pid 11040:tid 676] AH00354: Child: Starting 64 worker threads.
[Thu Jul 16 21:31:02.356034 2020] [mpm_winnt:notice] [pid 16332:tid 732] AH00422: Parent: Received shutdown signal -- Shutting down the server.
[Thu Jul 16 21:31:04.695909 2020] [mpm_winnt:notice] [pid 11040:tid 676] AH00364: Child: All worker threads have exited.
[Thu Jul 16 21:31:04.805271 2020] [mpm_winnt:notice] [pid 16332:tid 732] AH00430: Parent: Child process 11040 exited successfully.
[Fri Jul 17 20:50:56.289725 2020] [mpm_winnt:notice] [pid 4324:tid 744] AH00455: Apache/2.4.33 (Win64) PHP/7.2.7 configured -- resuming normal operations
[Fri Jul 17 20:50:56.305334 2020] [mpm_winnt:notice] [pid 4324:tid 744] AH00456: Apache Lounge VC15 Server built: Mar 28 2018 12:38:12
[Fri Jul 17 20:50:56.305334 2020] [core:notice] [pid 4324:tid 744] AH00094: Command line: 'D:\\SERVER\\Apache24\\bin\\httpd.exe -d D:/SERVER/Apache24'
[Fri Jul 17 20:50:56.305334 2020] [mpm_winnt:notice] [pid 4324:tid 744] AH00418: Parent: Created child process 6008
[Fri Jul 17 20:50:56.649061 2020] [mpm_winnt:notice] [pid 6008:tid 676] AH00354: Child: Starting 64 worker threads.
[Sun Jul 19 08:57:52.006734 2020] [mpm_winnt:notice] [pid 4324:tid 744] AH00422: Parent: Received shutdown signal -- Shutting down the server.
[Sun Jul 19 08:57:54.328302 2020] [mpm_winnt:notice] [pid 6008:tid 676] AH00364: Child: All worker threads have exited.
[Sun Jul 19 08:57:54.467224 2020] [mpm_winnt:notice] [pid 4324:tid 744] AH00430: Parent: Child process 6008 exited successfully.
[Sun Jul 19 08:57:57.939906 2020] [mpm_winnt:notice] [pid 16548:tid 724] AH00455: Apache/2.4.33 (Win64) PHP/7.2.7 configured -- resuming normal operations
[Sun Jul 19 08:57:57.939906 2020] [mpm_winnt:notice] [pid 16548:tid 724] AH00456: Apache Lounge VC15 Server built: Mar 28 2018 12:38:12
[Sun Jul 19 08:57:57.939906 2020] [core:notice] [pid 16548:tid 724] AH00094: Command line: 'D:\\SERVER\\Apache24\\bin\\httpd.exe -d D:/SERVER/Apache24'
[Sun Jul 19 08:57:57.940906 2020] [mpm_winnt:notice] [pid 16548:tid 724] AH00418: Parent: Created child process 8576
[Sun Jul 19 08:57:58.263721 2020] [mpm_winnt:notice] [pid 8576:tid 592] AH00354: Child: Starting 64 worker threads.
[Sun Jul 19 12:15:49.306727 2020] [mpm_winnt:notice] [pid 16548:tid 724] AH00422: Parent: Received shutdown signal -- Shutting down the server.
[Sun Jul 19 12:15:51.324527 2020] [mpm_winnt:notice] [pid 8576:tid 592] AH00364: Child: All worker threads have exited.
[Sun Jul 19 12:15:51.340151 2020] [mpm_winnt:notice] [pid 16548:tid 724] AH00430: Parent: Child process 8576 exited successfully.
[Sun Jul 19 12:16:25.904287 2020] [mpm_winnt:notice] [pid 4408:tid 716] AH00455: Apache/2.4.33 (Win64) PHP/7.2.7 configured -- resuming normal operations
[Sun Jul 19 12:16:25.919921 2020] [mpm_winnt:notice] [pid 4408:tid 716] AH00456: Apache Lounge VC15 Server built: Mar 28 2018 12:38:12
[Sun Jul 19 12:16:25.919921 2020] [core:notice] [pid 4408:tid 716] AH00094: Command line: 'D:\\SERVER\\Apache24\\bin\\httpd.exe -d D:/SERVER/Apache24'
[Sun Jul 19 12:16:25.919921 2020] [mpm_winnt:notice] [pid 4408:tid 716] AH00418: Parent: Created child process 6644
[Sun Jul 19 12:16:26.357382 2020] [mpm_winnt:notice] [pid 6644:tid 676] AH00354: Child: Starting 64 worker threads.
[Sun Jul 19 12:16:45.671342 2020] [mpm_winnt:notice] [pid 4408:tid 716] AH00422: Parent: Received shutdown signal -- Shutting down the server.
[Sun Jul 19 12:16:47.674784 2020] [mpm_winnt:notice] [pid 6644:tid 676] AH00364: Child: All worker threads have exited.
[Sun Jul 19 12:16:47.784153 2020] [mpm_winnt:notice] [pid 4408:tid 716] AH00430: Parent: Child process 6644 exited successfully.
[Sun Jul 19 08:45:58.893602 2020] [mpm_winnt:notice] [pid 4456:tid 740] AH00455: Apache/2.4.33 (Win64) PHP/7.2.7 configured -- resuming normal operations
[Sun Jul 19 08:45:58.909249 2020] [mpm_winnt:notice] [pid 4456:tid 740] AH00456: Apache Lounge VC15 Server built: Mar 28 2018 12:38:12
[Sun Jul 19 08:45:58.909249 2020] [core:notice] [pid 4456:tid 740] AH00094: Command line: 'D:\\SERVER\\Apache24\\bin\\httpd.exe -d D:/SERVER/Apache24'
[Sun Jul 19 08:45:58.909249 2020] [mpm_winnt:notice] [pid 4456:tid 740] AH00418: Parent: Created child process 6548
[Sun Jul 19 08:45:59.252953 2020] [mpm_winnt:notice] [pid 6548:tid 676] AH00354: Child: Starting 64 worker threads.
[Tue Jul 21 06:36:56.081575 2020] [core:warn] [pid 4248:tid 640] AH00098: pid file D:/SERVER/Apache24/logs/httpd.pid overwritten -- Unclean shutdown of previous Apache run?
[Tue Jul 21 06:36:57.143994 2020] [mpm_winnt:notice] [pid 4248:tid 640] AH00455: Apache/2.4.33 (Win64) PHP/7.2.7 configured -- resuming normal operations
[Tue Jul 21 06:36:57.143994 2020] [mpm_winnt:notice] [pid 4248:tid 640] AH00456: Apache Lounge VC15 Server built: Mar 28 2018 12:38:12
[Tue Jul 21 06:36:57.143994 2020] [core:notice] [pid 4248:tid 640] AH00094: Command line: 'D:\\SERVER\\Apache24\\bin\\httpd.exe -d D:/SERVER/Apache24'
[Tue Jul 21 06:36:57.143994 2020] [mpm_winnt:notice] [pid 4248:tid 640] AH00418: Parent: Created child process 5908
[Tue Jul 21 06:36:57.472106 2020] [mpm_winnt:notice] [pid 5908:tid 676] AH00354: Child: Starting 64 worker threads.
[Sun Jul 26 18:48:43.932746 2020] [mpm_winnt:notice] [pid 4248:tid 640] AH00422: Parent: Received shutdown signal -- Shutting down the server.
[Sun Jul 26 18:48:46.277164 2020] [mpm_winnt:notice] [pid 5908:tid 676] AH00364: Child: All worker threads have exited.
[Sun Jul 26 18:48:46.449027 2020] [mpm_winnt:notice] [pid 4248:tid 640] AH00430: Parent: Child process 5908 exited successfully.
[Sun Jul 26 12:01:52.781674 2020] [mpm_winnt:notice] [pid 4184:tid 760] AH00455: Apache/2.4.33 (Win64) PHP/7.2.7 configured -- resuming normal operations
[Sun Jul 26 12:01:52.797298 2020] [mpm_winnt:notice] [pid 4184:tid 760] AH00456: Apache Lounge VC15 Server built: Mar 28 2018 12:38:12
[Sun Jul 26 12:01:52.797298 2020] [core:notice] [pid 4184:tid 760] AH00094: Command line: 'D:\\SERVER\\Apache24\\bin\\httpd.exe -d D:/SERVER/Apache24'
[Sun Jul 26 12:01:52.797298 2020] [mpm_winnt:notice] [pid 4184:tid 760] AH00418: Parent: Created child process 6336
[Sun Jul 26 12:01:53.141024 2020] [mpm_winnt:notice] [pid 6336:tid 676] AH00354: Child: Starting 64 worker threads.
[Wed Jul 29 20:52:18.766700 2020] [mpm_winnt:notice] [pid 4184:tid 760] AH00422: Parent: Received shutdown signal -- Shutting down the server.
[Wed Jul 29 20:52:20.813658 2020] [mpm_winnt:notice] [pid 6336:tid 676] AH00364: Child: All worker threads have exited.
[Wed Jul 29 20:52:20.985578 2020] [mpm_winnt:notice] [pid 4184:tid 760] AH00430: Parent: Child process 6336 exited successfully.
[Wed Jul 29 20:52:48.028004 2020] [mpm_winnt:notice] [pid 1960:tid 604] AH00455: Apache/2.4.33 (Win64) PHP/7.2.7 configured -- resuming normal operations
[Wed Jul 29 20:52:48.043629 2020] [mpm_winnt:notice] [pid 1960:tid 604] AH00456: Apache Lounge VC15 Server built: Mar 28 2018 12:38:12
[Wed Jul 29 20:52:48.043629 2020] [core:notice] [pid 1960:tid 604] AH00094: Command line: 'D:\\SERVER\\Apache24\\bin\\httpd.exe -d D:/SERVER/Apache24'
[Wed Jul 29 20:52:48.043629 2020] [mpm_winnt:notice] [pid 1960:tid 604] AH00418: Parent: Created child process 6376
[Wed Jul 29 20:52:48.496723 2020] [mpm_winnt:notice] [pid 6376:tid 676] AH00354: Child: Starting 64 worker threads.
[Fri Jul 31 20:36:24.695360 2020] [mpm_winnt:notice] [pid 1960:tid 604] AH00422: Parent: Received shutdown signal -- Shutting down the server.
[Fri Jul 31 20:36:26.742223 2020] [mpm_winnt:notice] [pid 6376:tid 676] AH00364: Child: All worker threads have exited.
[Fri Jul 31 20:36:26.992399 2020] [mpm_winnt:notice] [pid 1960:tid 604] AH00430: Parent: Child process 6376 exited successfully.
[Sat Aug 01 12:44:22.719485 2020] [mpm_winnt:notice] [pid 4256:tid 656] AH00455: Apache/2.4.33 (Win64) PHP/7.2.7 configured -- resuming normal operations
[Sat Aug 01 12:44:22.735115 2020] [mpm_winnt:notice] [pid 4256:tid 656] AH00456: Apache Lounge VC15 Server built: Mar 28 2018 12:38:12
[Sat Aug 01 12:44:22.735115 2020] [core:notice] [pid 4256:tid 656] AH00094: Command line: 'D:\\SERVER\\Apache24\\bin\\httpd.exe -d D:/SERVER/Apache24'
[Sat Aug 01 12:44:22.735115 2020] [mpm_winnt:notice] [pid 4256:tid 656] AH00418: Parent: Created child process 6376
[Sat Aug 01 12:44:23.078825 2020] [mpm_winnt:notice] [pid 6376:tid 688] AH00354: Child: Starting 64 worker threads.
[Sat Aug 01 19:45:37.556753 2020] [mpm_winnt:notice] [pid 4256:tid 656] AH00422: Parent: Received shutdown signal -- Shutting down the server.
[Sat Aug 01 19:45:39.587862 2020] [mpm_winnt:notice] [pid 6376:tid 688] AH00364: Child: All worker threads have exited.
[Sat Aug 01 19:45:39.915966 2020] [mpm_winnt:notice] [pid 4256:tid 656] AH00430: Parent: Child process 6376 exited successfully.
[Sat Aug 01 19:46:07.471197 2020] [mpm_winnt:notice] [pid 3256:tid 708] AH00455: Apache/2.4.33 (Win64) PHP/7.2.7 configured -- resuming normal operations
[Sat Aug 01 19:46:07.486804 2020] [mpm_winnt:notice] [pid 3256:tid 708] AH00456: Apache Lounge VC15 Server built: Mar 28 2018 12:38:12
[Sat Aug 01 19:46:07.486804 2020] [core:notice] [pid 3256:tid 708] AH00094: Command line: 'D:\\SERVER\\Apache24\\bin\\httpd.exe -d D:/SERVER/Apache24'
[Sat Aug 01 19:46:07.486804 2020] [mpm_winnt:notice] [pid 3256:tid 708] AH00418: Parent: Created child process 6356
[Sat Aug 01 19:46:07.939888 2020] [mpm_winnt:notice] [pid 6356:tid 680] AH00354: Child: Starting 64 worker threads.
[Sun Aug 02 09:29:38.421765 2020] [mpm_winnt:notice] [pid 3256:tid 708] AH00422: Parent: Received shutdown signal -- Shutting down the server.
[Sun Aug 02 09:29:40.750222 2020] [mpm_winnt:notice] [pid 6356:tid 680] AH00364: Child: All worker threads have exited.
[Sun Aug 02 09:29:40.937770 2020] [mpm_winnt:notice] [pid 3256:tid 708] AH00430: Parent: Child process 6356 exited successfully.
[Sun Aug 02 09:30:07.084078 2020] [mpm_winnt:notice] [pid 4028:tid 608] AH00455: Apache/2.4.33 (Win64) PHP/7.2.7 configured -- resuming normal operations
[Sun Aug 02 09:30:07.099675 2020] [mpm_winnt:notice] [pid 4028:tid 608] AH00456: Apache Lounge VC15 Server built: Mar 28 2018 12:38:12
[Sun Aug 02 09:30:07.099675 2020] [core:notice] [pid 4028:tid 608] AH00094: Command line: 'D:\\SERVER\\Apache24\\bin\\httpd.exe -d D:/SERVER/Apache24'
[Sun Aug 02 09:30:07.115298 2020] [mpm_winnt:notice] [pid 4028:tid 608] AH00418: Parent: Created child process 6244
[Sun Aug 02 09:30:07.474649 2020] [mpm_winnt:notice] [pid 6244:tid 680] AH00354: Child: Starting 64 worker threads.
[Sun Aug 02 09:30:21.821164 2020] [mpm_winnt:notice] [pid 4028:tid 608] AH00422: Parent: Received shutdown signal -- Shutting down the server.
[Sun Aug 02 09:30:23.842105 2020] [mpm_winnt:notice] [pid 6244:tid 680] AH00364: Child: All worker threads have exited.
[Sun Aug 02 09:30:23.987301 2020] [mpm_winnt:notice] [pid 4028:tid 608] AH00430: Parent: Child process 6244 exited successfully.
[Sun Aug 02 03:12:16.127410 2020] [mpm_winnt:notice] [pid 1804:tid 732] AH00455: Apache/2.4.33 (Win64) PHP/7.2.7 configured -- resuming normal operations
[Sun Aug 02 03:12:16.143052 2020] [mpm_winnt:notice] [pid 1804:tid 732] AH00456: Apache Lounge VC15 Server built: Mar 28 2018 12:38:12
[Sun Aug 02 03:12:16.143052 2020] [core:notice] [pid 1804:tid 732] AH00094: Command line: 'D:\\SERVER\\Apache24\\bin\\httpd.exe -d D:/SERVER/Apache24'
[Sun Aug 02 03:12:16.143052 2020] [mpm_winnt:notice] [pid 1804:tid 732] AH00418: Parent: Created child process 6256
[Sun Aug 02 03:12:16.486761 2020] [mpm_winnt:notice] [pid 6256:tid 688] AH00354: Child: Starting 64 worker threads.
[Sun Aug 02 10:12:31.025475 2020] [mpm_winnt:notice] [pid 1804:tid 732] AH00422: Parent: Received shutdown signal -- Shutting down the server.
[Sun Aug 02 10:12:33.053128 2020] [mpm_winnt:notice] [pid 6256:tid 688] AH00364: Child: All worker threads have exited.
[Sun Aug 02 10:12:33.191600 2020] [mpm_winnt:notice] [pid 1804:tid 732] AH00430: Parent: Child process 6256 exited successfully.
[Sun Aug 02 03:17:16.463439 2020] [mpm_winnt:notice] [pid 4152:tid 704] AH00455: Apache/2.4.33 (Win64) PHP/7.2.7 configured -- resuming normal operations
[Sun Aug 02 03:17:16.479049 2020] [mpm_winnt:notice] [pid 4152:tid 704] AH00456: Apache Lounge VC15 Server built: Mar 28 2018 12:38:12
[Sun Aug 02 03:17:16.479049 2020] [core:notice] [pid 4152:tid 704] AH00094: Command line: 'D:\\SERVER\\Apache24\\bin\\httpd.exe -d D:/SERVER/Apache24'
[Sun Aug 02 03:17:16.479049 2020] [mpm_winnt:notice] [pid 4152:tid 704] AH00418: Parent: Created child process 6248
[Sun Aug 02 03:17:16.854022 2020] [mpm_winnt:notice] [pid 6248:tid 676] AH00354: Child: Starting 64 worker threads.
[Wed Aug 05 20:00:03.909587 2020] [mpm_winnt:notice] [pid 4152:tid 704] AH00422: Parent: Received shutdown signal -- Shutting down the server.
[Wed Aug 05 20:00:06.268861 2020] [mpm_winnt:notice] [pid 6248:tid 676] AH00364: Child: All worker threads have exited.
[Wed Aug 05 20:00:06.471973 2020] [mpm_winnt:notice] [pid 4152:tid 704] AH00430: Parent: Child process 6248 exited successfully.
[Sat Aug 08 01:35:54.541502 2020] [mpm_winnt:notice] [pid 4348:tid 716] AH00455: Apache/2.4.33 (Win64) PHP/7.2.7 configured -- resuming normal operations
[Sat Aug 08 01:35:54.557126 2020] [mpm_winnt:notice] [pid 4348:tid 716] AH00456: Apache Lounge VC15 Server built: Mar 28 2018 12:38:12
[Sat Aug 08 01:35:54.557126 2020] [core:notice] [pid 4348:tid 716] AH00094: Command line: 'D:\\SERVER\\Apache24\\bin\\httpd.exe -d D:/SERVER/Apache24'
[Sat Aug 08 01:35:54.557126 2020] [mpm_winnt:notice] [pid 4348:tid 716] AH00418: Parent: Created child process 6516
[Sat Aug 08 01:35:54.900854 2020] [mpm_winnt:notice] [pid 6516:tid 676] AH00354: Child: Starting 64 worker threads.
[Sun Aug 09 15:59:40.444153 2020] [mpm_winnt:notice] [pid 4348:tid 716] AH00422: Parent: Received shutdown signal -- Shutting down the server.
[Sun Aug 09 15:59:42.495328 2020] [mpm_winnt:notice] [pid 6516:tid 676] AH00364: Child: All worker threads have exited.
[Sun Aug 09 15:59:44.210421 2020] [mpm_winnt:notice] [pid 4348:tid 716] AH00430: Parent: Child process 6516 exited successfully.
[Sun Aug 09 16:00:15.627067 2020] [mpm_winnt:notice] [pid 4412:tid 756] AH00455: Apache/2.4.33 (Win64) PHP/7.2.7 configured -- resuming normal operations
[Sun Aug 09 16:00:15.627067 2020] [mpm_winnt:notice] [pid 4412:tid 756] AH00456: Apache Lounge VC15 Server built: Mar 28 2018 12:38:12
[Sun Aug 09 16:00:15.627067 2020] [core:notice] [pid 4412:tid 756] AH00094: Command line: 'D:\\SERVER\\Apache24\\bin\\httpd.exe -d D:/SERVER/Apache24'
[Sun Aug 09 16:00:15.627067 2020] [mpm_winnt:notice] [pid 4412:tid 756] AH00418: Parent: Created child process 6516
[Sun Aug 09 16:00:15.955170 2020] [mpm_winnt:notice] [pid 6516:tid 676] AH00354: Child: Starting 64 worker threads.
[Sun Aug 09 17:39:14.099389 2020] [core:warn] [pid 4280:tid 684] AH00098: pid file D:/SERVER/Apache24/logs/httpd.pid overwritten -- Unclean shutdown of previous Apache run?
[Sun Aug 09 17:39:15.208705 2020] [mpm_winnt:notice] [pid 4280:tid 684] AH00455: Apache/2.4.33 (Win64) PHP/7.2.7 configured -- resuming normal operations
[Sun Aug 09 17:39:15.208705 2020] [mpm_winnt:notice] [pid 4280:tid 684] AH00456: Apache Lounge VC15 Server built: Mar 28 2018 12:38:12
[Sun Aug 09 17:39:15.208705 2020] [core:notice] [pid 4280:tid 684] AH00094: Command line: 'D:\\SERVER\\Apache24\\bin\\httpd.exe -d D:/SERVER/Apache24'
[Sun Aug 09 17:39:15.208705 2020] [mpm_winnt:notice] [pid 4280:tid 684] AH00418: Parent: Created child process 6240
[Sun Aug 09 17:39:15.536807 2020] [mpm_winnt:notice] [pid 6240:tid 688] AH00354: Child: Starting 64 worker threads.
[Wed Aug 12 14:59:21.242795 2020] [core:warn] [pid 4112:tid 652] AH00098: pid file D:/SERVER/Apache24/logs/httpd.pid overwritten -- Unclean shutdown of previous Apache run?
[Wed Aug 12 14:59:22.461434 2020] [mpm_winnt:notice] [pid 4112:tid 652] AH00455: Apache/2.4.33 (Win64) PHP/7.2.7 configured -- resuming normal operations
[Wed Aug 12 14:59:22.461434 2020] [mpm_winnt:notice] [pid 4112:tid 652] AH00456: Apache Lounge VC15 Server built: Mar 28 2018 12:38:12
[Wed Aug 12 14:59:22.461434 2020] [core:notice] [pid 4112:tid 652] AH00094: Command line: 'D:\\SERVER\\Apache24\\bin\\httpd.exe -d D:/SERVER/Apache24'
[Wed Aug 12 14:59:22.461434 2020] [mpm_winnt:notice] [pid 4112:tid 652] AH00418: Parent: Created child process 6320
[Wed Aug 12 14:59:22.789537 2020] [mpm_winnt:notice] [pid 6320:tid 684] AH00354: Child: Starting 64 worker threads.
[Thu Aug 13 22:15:19.910924 2020] [mpm_winnt:notice] [pid 4112:tid 652] AH00422: Parent: Received shutdown signal -- Shutting down the server.
[Thu Aug 13 22:15:22.004504 2020] [mpm_winnt:notice] [pid 6320:tid 684] AH00364: Child: All worker threads have exited.
[Thu Aug 13 22:15:22.191991 2020] [mpm_winnt:notice] [pid 4112:tid 652] AH00430: Parent: Child process 6320 exited successfully.
[Sat Aug 15 18:56:59.928605 2020] [mpm_winnt:notice] [pid 4516:tid 756] AH00455: Apache/2.4.33 (Win64) PHP/7.2.7 configured -- resuming normal operations
[Sat Aug 15 18:56:59.928605 2020] [mpm_winnt:notice] [pid 4516:tid 756] AH00456: Apache Lounge VC15 Server built: Mar 28 2018 12:38:12
[Sat Aug 15 18:56:59.928605 2020] [core:notice] [pid 4516:tid 756] AH00094: Command line: 'D:\\SERVER\\Apache24\\bin\\httpd.exe -d D:/SERVER/Apache24'
[Sat Aug 15 18:56:59.944229 2020] [mpm_winnt:notice] [pid 4516:tid 756] AH00418: Parent: Created child process 6328
[Sat Aug 15 18:57:00.272331 2020] [mpm_winnt:notice] [pid 6328:tid 696] AH00354: Child: Starting 64 worker threads.
[Tue Aug 18 21:22:41.305297 2020] [mpm_winnt:notice] [pid 4516:tid 756] AH00422: Parent: Received shutdown signal -- Shutting down the server.
[Tue Aug 18 21:22:43.339574 2020] [mpm_winnt:notice] [pid 6328:tid 696] AH00364: Child: All worker threads have exited.
[Tue Aug 18 21:22:44.218029 2020] [mpm_winnt:notice] [pid 4516:tid 756] AH00430: Parent: Child process 6328 exited successfully.
[Tue Aug 18 21:23:10.001210 2020] [mpm_winnt:notice] [pid 4472:tid 732] AH00455: Apache/2.4.33 (Win64) PHP/7.2.7 configured -- resuming normal operations
[Tue Aug 18 21:23:10.016834 2020] [mpm_winnt:notice] [pid 4472:tid 732] AH00456: Apache Lounge VC15 Server built: Mar 28 2018 12:38:12
[Tue Aug 18 21:23:10.016834 2020] [core:notice] [pid 4472:tid 732] AH00094: Command line: 'D:\\SERVER\\Apache24\\bin\\httpd.exe -d D:/SERVER/Apache24'
[Tue Aug 18 21:23:10.016834 2020] [mpm_winnt:notice] [pid 4472:tid 732] AH00418: Parent: Created child process 6480
[Tue Aug 18 21:23:10.454304 2020] [mpm_winnt:notice] [pid 6480:tid 656] AH00354: Child: Starting 64 worker threads.
[Sat Aug 22 19:51:54.205484 2020] [core:warn] [pid 4300:tid 708] AH00098: pid file D:/SERVER/Apache24/logs/httpd.pid overwritten -- Unclean shutdown of previous Apache run?
[Sat Aug 22 19:51:55.539938 2020] [mpm_winnt:notice] [pid 4300:tid 708] AH00455: Apache/2.4.33 (Win64) PHP/7.2.7 configured -- resuming normal operations
[Sat Aug 22 19:51:55.539938 2020] [mpm_winnt:notice] [pid 4300:tid 708] AH00456: Apache Lounge VC15 Server built: Mar 28 2018 12:38:12
[Sat Aug 22 19:51:55.539938 2020] [core:notice] [pid 4300:tid 708] AH00094: Command line: 'D:\\SERVER\\Apache24\\bin\\httpd.exe -d D:/SERVER/Apache24'
[Sat Aug 22 19:51:55.540940 2020] [mpm_winnt:notice] [pid 4300:tid 708] AH00418: Parent: Created child process 5960
[Sat Aug 22 19:51:56.006744 2020] [mpm_winnt:notice] [pid 5960:tid 676] AH00354: Child: Starting 64 worker threads.
[Sat Aug 22 19:54:00.847778 2020] [mpm_winnt:notice] [pid 4300:tid 708] AH00422: Parent: Received shutdown signal -- Shutting down the server.
[Sat Aug 22 19:54:02.850354 2020] [mpm_winnt:notice] [pid 5960:tid 676] AH00364: Child: All worker threads have exited.
[Sat Aug 22 19:54:02.930074 2020] [mpm_winnt:notice] [pid 4300:tid 708] AH00430: Parent: Child process 5960 exited successfully.
[Sat Aug 22 19:54:29.476374 2020] [mpm_winnt:notice] [pid 4380:tid 504] AH00455: Apache/2.4.33 (Win64) PHP/7.2.7 configured -- resuming normal operations
[Sat Aug 22 19:54:29.485621 2020] [mpm_winnt:notice] [pid 4380:tid 504] AH00456: Apache Lounge VC15 Server built: Mar 28 2018 12:38:12
[Sat Aug 22 19:54:29.485621 2020] [core:notice] [pid 4380:tid 504] AH00094: Command line: 'D:\\SERVER\\Apache24\\bin\\httpd.exe -d D:/SERVER/Apache24'
[Sat Aug 22 19:54:29.486623 2020] [mpm_winnt:notice] [pid 4380:tid 504] AH00418: Parent: Created child process 6484
[Sat Aug 22 19:54:29.850004 2020] [mpm_winnt:notice] [pid 6484:tid 684] AH00354: Child: Starting 64 worker threads.
[Wed Aug 26 12:25:04.744692 2020] [core:warn] [pid 4244:tid 688] AH00098: pid file D:/SERVER/Apache24/logs/httpd.pid overwritten -- Unclean shutdown of previous Apache run?
[Wed Aug 26 12:25:05.995589 2020] [mpm_winnt:notice] [pid 4244:tid 688] AH00455: Apache/2.4.33 (Win64) PHP/7.2.7 configured -- resuming normal operations
[Wed Aug 26 12:25:05.995589 2020] [mpm_winnt:notice] [pid 4244:tid 688] AH00456: Apache Lounge VC15 Server built: Mar 28 2018 12:38:12
[Wed Aug 26 12:25:05.995589 2020] [core:notice] [pid 4244:tid 688] AH00094: Command line: 'D:\\SERVER\\Apache24\\bin\\httpd.exe -d D:/SERVER/Apache24'
[Wed Aug 26 12:25:05.996588 2020] [mpm_winnt:notice] [pid 4244:tid 688] AH00418: Parent: Created child process 5988
[Wed Aug 26 12:25:06.332396 2020] [mpm_winnt:notice] [pid 5988:tid 556] AH00354: Child: Starting 64 worker threads.
[Thu Aug 27 19:12:53.647904 2020] [mpm_winnt:notice] [pid 4244:tid 688] AH00422: Parent: Received shutdown signal -- Shutting down the server.
[Thu Aug 27 19:12:55.667502 2020] [mpm_winnt:notice] [pid 5988:tid 556] AH00364: Child: All worker threads have exited.
[Thu Aug 27 19:12:56.606372 2020] [mpm_winnt:notice] [pid 4244:tid 688] AH00430: Parent: Child process 5988 exited successfully.
[Thu Aug 27 13:30:24.105543 2020] [mpm_winnt:notice] [pid 4272:tid 756] AH00455: Apache/2.4.33 (Win64) PHP/7.2.7 configured -- resuming normal operations
[Thu Aug 27 13:30:24.116547 2020] [mpm_winnt:notice] [pid 4272:tid 756] AH00456: Apache Lounge VC15 Server built: Mar 28 2018 12:38:12
[Thu Aug 27 13:30:24.116547 2020] [core:notice] [pid 4272:tid 756] AH00094: Command line: 'D:\\SERVER\\Apache24\\bin\\httpd.exe -d D:/SERVER/Apache24'
[Thu Aug 27 13:30:24.117537 2020] [mpm_winnt:notice] [pid 4272:tid 756] AH00418: Parent: Created child process 6452
[Thu Aug 27 13:30:24.444243 2020] [mpm_winnt:notice] [pid 6452:tid 688] AH00354: Child: Starting 64 worker threads.
[Fri Aug 28 13:20:38.862131 2020] [core:warn] [pid 4496:tid 704] AH00098: pid file D:/SERVER/Apache24/logs/httpd.pid overwritten -- Unclean shutdown of previous Apache run?
[Fri Aug 28 13:20:40.138390 2020] [mpm_winnt:notice] [pid 4496:tid 704] AH00455: Apache/2.4.33 (Win64) PHP/7.2.7 configured -- resuming normal operations
[Fri Aug 28 13:20:40.138390 2020] [mpm_winnt:notice] [pid 4496:tid 704] AH00456: Apache Lounge VC15 Server built: Mar 28 2018 12:38:12
[Fri Aug 28 13:20:40.138390 2020] [core:notice] [pid 4496:tid 704] AH00094: Command line: 'D:\\SERVER\\Apache24\\bin\\httpd.exe -d D:/SERVER/Apache24'
[Fri Aug 28 13:20:40.139411 2020] [mpm_winnt:notice] [pid 4496:tid 704] AH00418: Parent: Created child process 6408
[Fri Aug 28 13:20:40.472432 2020] [mpm_winnt:notice] [pid 6408:tid 676] AH00354: Child: Starting 64 worker threads.
[Sun Aug 30 12:55:26.969011 2020] [core:warn] [pid 4448:tid 632] AH00098: pid file D:/SERVER/Apache24/logs/httpd.pid overwritten -- Unclean shutdown of previous Apache run?
[Sun Aug 30 12:55:28.593478 2020] [mpm_winnt:notice] [pid 4448:tid 632] AH00455: Apache/2.4.33 (Win64) PHP/7.2.7 configured -- resuming normal operations
[Sun Aug 30 12:55:28.593478 2020] [mpm_winnt:notice] [pid 4448:tid 632] AH00456: Apache Lounge VC15 Server built: Mar 28 2018 12:38:12
[Sun Aug 30 12:55:28.593478 2020] [core:notice] [pid 4448:tid 632] AH00094: Command line: 'D:\\SERVER\\Apache24\\bin\\httpd.exe -d D:/SERVER/Apache24'
[Sun Aug 30 12:55:28.593478 2020] [mpm_winnt:notice] [pid 4448:tid 632] AH00418: Parent: Created child process 6236
[Sun Aug 30 12:55:28.926920 2020] [mpm_winnt:notice] [pid 6236:tid 676] AH00354: Child: Starting 64 worker threads.
[Tue Sep 01 13:03:16.874334 2020] [core:warn] [pid 4280:tid 720] AH00098: pid file D:/SERVER/Apache24/logs/httpd.pid overwritten -- Unclean shutdown of previous Apache run?
[Tue Sep 01 13:03:18.307481 2020] [mpm_winnt:notice] [pid 4280:tid 720] AH00455: Apache/2.4.33 (Win64) PHP/7.2.7 configured -- resuming normal operations
[Tue Sep 01 13:03:18.307481 2020] [mpm_winnt:notice] [pid 4280:tid 720] AH00456: Apache Lounge VC15 Server built: Mar 28 2018 12:38:12
[Tue Sep 01 13:03:18.307481 2020] [core:notice] [pid 4280:tid 720] AH00094: Command line: 'D:\\SERVER\\Apache24\\bin\\httpd.exe -d D:/SERVER/Apache24'
[Tue Sep 01 13:03:18.308481 2020] [mpm_winnt:notice] [pid 4280:tid 720] AH00418: Parent: Created child process 6184
[Tue Sep 01 13:03:18.747565 2020] [mpm_winnt:notice] [pid 6184:tid 664] AH00354: Child: Starting 64 worker threads.
[Wed Sep 02 02:20:02.215563 2020] [core:warn] [pid 4524:tid 656] AH00098: pid file D:/SERVER/Apache24/logs/httpd.pid overwritten -- Unclean shutdown of previous Apache run?
[Wed Sep 02 02:20:03.491505 2020] [mpm_winnt:notice] [pid 4524:tid 656] AH00455: Apache/2.4.33 (Win64) PHP/7.2.7 configured -- resuming normal operations
[Wed Sep 02 02:20:03.491505 2020] [mpm_winnt:notice] [pid 4524:tid 656] AH00456: Apache Lounge VC15 Server built: Mar 28 2018 12:38:12
[Wed Sep 02 02:20:03.491505 2020] [core:notice] [pid 4524:tid 656] AH00094: Command line: 'D:\\SERVER\\Apache24\\bin\\httpd.exe -d D:/SERVER/Apache24'
[Wed Sep 02 02:20:03.492506 2020] [mpm_winnt:notice] [pid 4524:tid 656] AH00418: Parent: Created child process 6244
[Wed Sep 02 02:20:03.897894 2020] [mpm_winnt:notice] [pid 6244:tid 676] AH00354: Child: Starting 64 worker threads.
[Wed Sep 09 22:35:12.180755 2020] [mpm_winnt:notice] [pid 4524:tid 656] AH00422: Parent: Received shutdown signal -- Shutting down the server.
[Wed Sep 09 22:35:14.320517 2020] [mpm_winnt:notice] [pid 6244:tid 676] AH00364: Child: All worker threads have exited.
[Wed Sep 09 22:35:18.548445 2020] [mpm_winnt:notice] [pid 4524:tid 656] AH00430: Parent: Child process 6244 exited successfully.
[Thu Sep 10 19:08:38.227372 2020] [mpm_winnt:notice] [pid 4416:tid 740] AH00455: Apache/2.4.33 (Win64) PHP/7.2.7 configured -- resuming normal operations
[Thu Sep 10 19:08:38.237522 2020] [mpm_winnt:notice] [pid 4416:tid 740] AH00456: Apache Lounge VC15 Server built: Mar 28 2018 12:38:12
[Thu Sep 10 19:08:38.237522 2020] [core:notice] [pid 4416:tid 740] AH00094: Command line: 'D:\\SERVER\\Apache24\\bin\\httpd.exe -d D:/SERVER/Apache24'
[Thu Sep 10 19:08:38.238520 2020] [mpm_winnt:notice] [pid 4416:tid 740] AH00418: Parent: Created child process 5752
[Thu Sep 10 19:08:38.559879 2020] [mpm_winnt:notice] [pid 5752:tid 676] AH00354: Child: Starting 64 worker threads.
[Sat Sep 19 13:38:37.305354 2020] [mpm_winnt:notice] [pid 4416:tid 740] AH00422: Parent: Received shutdown signal -- Shutting down the server.
[Sat Sep 19 13:38:39.346070 2020] [mpm_winnt:notice] [pid 5752:tid 676] AH00364: Child: All worker threads have exited.
[Sat Sep 19 13:38:39.845772 2020] [mpm_winnt:notice] [pid 4416:tid 740] AH00430: Parent: Child process 5752 exited successfully.
[Sat Sep 19 14:02:04.498267 2020] [mpm_winnt:notice] [pid 11480:tid 672] AH00455: Apache/2.4.33 (Win64) PHP/7.2.7 configured -- resuming normal operations
[Sat Sep 19 14:02:04.498267 2020] [mpm_winnt:notice] [pid 11480:tid 672] AH00456: Apache Lounge VC15 Server built: Mar 28 2018 12:38:12
[Sat Sep 19 14:02:04.498267 2020] [core:notice] [pid 11480:tid 672] AH00094: Command line: 'D:\\SERVER\\Apache24\\bin\\httpd.exe -d D:/SERVER/Apache24'
[Sat Sep 19 14:02:04.501266 2020] [mpm_winnt:notice] [pid 11480:tid 672] AH00418: Parent: Created child process 43632
[Sat Sep 19 14:02:05.060267 2020] [mpm_winnt:notice] [pid 43632:tid 672] AH00354: Child: Starting 64 worker threads.
[Wed Sep 23 22:56:29.794243 2020] [mpm_winnt:notice] [pid 11480:tid 672] AH00422: Parent: Received shutdown signal -- Shutting down the server.
[Wed Sep 23 22:56:31.954253 2020] [mpm_winnt:notice] [pid 43632:tid 672] AH00364: Child: All worker threads have exited.
[Wed Sep 23 22:56:32.902968 2020] [mpm_winnt:notice] [pid 11480:tid 672] AH00430: Parent: Child process 43632 exited successfully.
[Thu Sep 24 20:33:35.879336 2020] [mpm_winnt:notice] [pid 4544:tid 732] AH00455: Apache/2.4.33 (Win64) PHP/7.2.7 configured -- resuming normal operations
[Thu Sep 24 20:33:35.890326 2020] [mpm_winnt:notice] [pid 4544:tid 732] AH00456: Apache Lounge VC15 Server built: Mar 28 2018 12:38:12
[Thu Sep 24 20:33:35.890326 2020] [core:notice] [pid 4544:tid 732] AH00094: Command line: 'D:\\SERVER\\Apache24\\bin\\httpd.exe -d D:/SERVER/Apache24'
[Thu Sep 24 20:33:35.891316 2020] [mpm_winnt:notice] [pid 4544:tid 732] AH00418: Parent: Created child process 6384
[Thu Sep 24 20:33:36.230433 2020] [mpm_winnt:notice] [pid 6384:tid 676] AH00354: Child: Starting 64 worker threads.
[Sat Oct 03 16:25:20.599029 2020] [core:warn] [pid 4604:tid 628] AH00098: pid file D:/SERVER/Apache24/logs/httpd.pid overwritten -- Unclean shutdown of previous Apache run?
[Sat Oct 03 16:25:21.973045 2020] [mpm_winnt:notice] [pid 4604:tid 628] AH00455: Apache/2.4.33 (Win64) PHP/7.2.7 configured -- resuming normal operations
[Sat Oct 03 16:25:21.973045 2020] [mpm_winnt:notice] [pid 4604:tid 628] AH00456: Apache Lounge VC15 Server built: Mar 28 2018 12:38:12
[Sat Oct 03 16:25:21.973045 2020] [core:notice] [pid 4604:tid 628] AH00094: Command line: 'D:\\SERVER\\Apache24\\bin\\httpd.exe -d D:/SERVER/Apache24'
[Sat Oct 03 16:25:21.974045 2020] [mpm_winnt:notice] [pid 4604:tid 628] AH00418: Parent: Created child process 6432
[Sat Oct 03 16:25:22.332839 2020] [mpm_winnt:notice] [pid 6432:tid 660] AH00354: Child: Starting 64 worker threads.
[Sun Oct 04 20:07:44.514586 2020] [mpm_winnt:notice] [pid 4604:tid 628] AH00422: Parent: Received shutdown signal -- Shutting down the server.
[Sun Oct 04 20:07:46.539471 2020] [mpm_winnt:notice] [pid 6432:tid 660] AH00364: Child: All worker threads have exited.
[Sun Oct 04 20:07:48.355305 2020] [mpm_winnt:notice] [pid 4604:tid 628] AH00430: Parent: Child process 6432 exited successfully.
[Sun Oct 04 20:14:52.764681 2020] [mpm_winnt:notice] [pid 4560:tid 736] AH00455: Apache/2.4.33 (Win64) PHP/7.2.7 configured -- resuming normal operations
[Sun Oct 04 20:14:52.775674 2020] [mpm_winnt:notice] [pid 4560:tid 736] AH00456: Apache Lounge VC15 Server built: Mar 28 2018 12:38:12
[Sun Oct 04 20:14:52.775674 2020] [core:notice] [pid 4560:tid 736] AH00094: Command line: 'D:\\SERVER\\Apache24\\bin\\httpd.exe -d D:/SERVER/Apache24'
[Sun Oct 04 20:14:52.776678 2020] [mpm_winnt:notice] [pid 4560:tid 736] AH00418: Parent: Created child process 6764
[Sun Oct 04 20:14:53.117779 2020] [mpm_winnt:notice] [pid 6764:tid 676] AH00354: Child: Starting 64 worker threads.
[Sun Oct 04 20:15:53.881286 2020] [mpm_winnt:notice] [pid 4560:tid 736] AH00422: Parent: Received shutdown signal -- Shutting down the server.
[Sun Oct 04 20:15:55.882681 2020] [mpm_winnt:notice] [pid 6764:tid 676] AH00364: Child: All worker threads have exited.
[Sun Oct 04 20:15:55.962597 2020] [mpm_winnt:notice] [pid 4560:tid 736] AH00430: Parent: Child process 6764 exited successfully.
[Mon Oct 05 13:37:01.712678 2020] [mpm_winnt:notice] [pid 4496:tid 732] AH00455: Apache/2.4.33 (Win64) PHP/7.2.7 configured -- resuming normal operations
[Mon Oct 05 13:37:01.723670 2020] [mpm_winnt:notice] [pid 4496:tid 732] AH00456: Apache Lounge VC15 Server built: Mar 28 2018 12:38:12
[Mon Oct 05 13:37:01.723670 2020] [core:notice] [pid 4496:tid 732] AH00094: Command line: 'D:\\SERVER\\Apache24\\bin\\httpd.exe -d D:/SERVER/Apache24'
[Mon Oct 05 13:37:01.724670 2020] [mpm_winnt:notice] [pid 4496:tid 732] AH00418: Parent: Created child process 6748
[Mon Oct 05 13:37:02.039492 2020] [mpm_winnt:notice] [pid 6748:tid 680] AH00354: Child: Starting 64 worker threads.
[Thu Oct 08 12:01:38.722001 2020] [core:warn] [pid 4380:tid 628] AH00098: pid file D:/SERVER/Apache24/logs/httpd.pid overwritten -- Unclean shutdown of previous Apache run?
[Thu Oct 08 12:01:40.163054 2020] [mpm_winnt:notice] [pid 4380:tid 628] AH00455: Apache/2.4.33 (Win64) PHP/7.2.7 configured -- resuming normal operations
[Thu Oct 08 12:01:40.163054 2020] [mpm_winnt:notice] [pid 4380:tid 628] AH00456: Apache Lounge VC15 Server built: Mar 28 2018 12:38:12
[Thu Oct 08 12:01:40.163054 2020] [core:notice] [pid 4380:tid 628] AH00094: Command line: 'D:\\SERVER\\Apache24\\bin\\httpd.exe -d D:/SERVER/Apache24'
[Thu Oct 08 12:01:40.164068 2020] [mpm_winnt:notice] [pid 4380:tid 628] AH00418: Parent: Created child process 6368
[Thu Oct 08 12:01:40.524739 2020] [mpm_winnt:notice] [pid 6368:tid 676] AH00354: Child: Starting 64 worker threads.
[Thu Oct 08 19:45:09.066040 2020] [mpm_winnt:notice] [pid 4380:tid 628] AH00422: Parent: Received shutdown signal -- Shutting down the server.
[Thu Oct 08 19:45:11.072982 2020] [mpm_winnt:notice] [pid 6368:tid 676] AH00364: Child: All worker threads have exited.
[Thu Oct 08 19:45:11.384836 2020] [mpm_winnt:notice] [pid 4380:tid 628] AH00430: Parent: Child process 6368 exited successfully.
[Thu Oct 08 14:23:59.121189 2020] [mpm_winnt:notice] [pid 4332:tid 736] AH00455: Apache/2.4.33 (Win64) PHP/7.2.7 configured -- resuming normal operations
[Thu Oct 08 14:23:59.127185 2020] [mpm_winnt:notice] [pid 4332:tid 736] AH00456: Apache Lounge VC15 Server built: Mar 28 2018 12:38:12
[Thu Oct 08 14:23:59.127185 2020] [core:notice] [pid 4332:tid 736] AH00094: Command line: 'D:\\SERVER\\Apache24\\bin\\httpd.exe -d D:/SERVER/Apache24'
[Thu Oct 08 14:23:59.128185 2020] [mpm_winnt:notice] [pid 4332:tid 736] AH00418: Parent: Created child process 6524
[Thu Oct 08 14:23:59.497157 2020] [mpm_winnt:notice] [pid 6524:tid 676] AH00354: Child: Starting 64 worker threads.
[Fri Oct 09 14:06:30.240529 2020] [core:warn] [pid 4568:tid 656] AH00098: pid file D:/SERVER/Apache24/logs/httpd.pid overwritten -- Unclean shutdown of previous Apache run?
[Fri Oct 09 14:06:31.622782 2020] [mpm_winnt:notice] [pid 4568:tid 656] AH00455: Apache/2.4.33 (Win64) PHP/7.2.7 configured -- resuming normal operations
[Fri Oct 09 14:06:31.622782 2020] [mpm_winnt:notice] [pid 4568:tid 656] AH00456: Apache Lounge VC15 Server built: Mar 28 2018 12:38:12
[Fri Oct 09 14:06:31.622782 2020] [core:notice] [pid 4568:tid 656] AH00094: Command line: 'D:\\SERVER\\Apache24\\bin\\httpd.exe -d D:/SERVER/Apache24'
[Fri Oct 09 14:06:31.623782 2020] [mpm_winnt:notice] [pid 4568:tid 656] AH00418: Parent: Created child process 6360
[Fri Oct 09 14:06:31.946898 2020] [mpm_winnt:notice] [pid 6360:tid 688] AH00354: Child: Starting 64 worker threads.
[Sun Oct 11 11:22:41.754360 2020] [core:warn] [pid 4400:tid 664] AH00098: pid file D:/SERVER/Apache24/logs/httpd.pid overwritten -- Unclean shutdown of previous Apache run?
[Sun Oct 11 11:22:43.187010 2020] [mpm_winnt:notice] [pid 4400:tid 664] AH00455: Apache/2.4.33 (Win64) PHP/7.2.7 configured -- resuming normal operations
[Sun Oct 11 11:22:43.187010 2020] [mpm_winnt:notice] [pid 4400:tid 664] AH00456: Apache Lounge VC15 Server built: Mar 28 2018 12:38:12
[Sun Oct 11 11:22:43.187010 2020] [core:notice] [pid 4400:tid 664] AH00094: Command line: 'D:\\SERVER\\Apache24\\bin\\httpd.exe -d D:/SERVER/Apache24'
[Sun Oct 11 11:22:43.188010 2020] [mpm_winnt:notice] [pid 4400:tid 664] AH00418: Parent: Created child process 6264
[Sun Oct 11 11:22:43.539809 2020] [mpm_winnt:notice] [pid 6264:tid 676] AH00354: Child: Starting 64 worker threads.
[Sun Oct 11 14:25:04.701515 2020] [core:warn] [pid 4456:tid 624] AH00098: pid file D:/SERVER/Apache24/logs/httpd.pid overwritten -- Unclean shutdown of previous Apache run?
[Sun Oct 11 14:25:06.092852 2020] [mpm_winnt:notice] [pid 4456:tid 624] AH00455: Apache/2.4.33 (Win64) PHP/7.2.7 configured -- resuming normal operations
[Sun Oct 11 14:25:06.092852 2020] [mpm_winnt:notice] [pid 4456:tid 624] AH00456: Apache Lounge VC15 Server built: Mar 28 2018 12:38:12
[Sun Oct 11 14:25:06.092852 2020] [core:notice] [pid 4456:tid 624] AH00094: Command line: 'D:\\SERVER\\Apache24\\bin\\httpd.exe -d D:/SERVER/Apache24'
[Sun Oct 11 14:25:06.093851 2020] [mpm_winnt:notice] [pid 4456:tid 624] AH00418: Parent: Created child process 6308
[Sun Oct 11 14:25:06.552241 2020] [mpm_winnt:notice] [pid 6308:tid 136] AH00354: Child: Starting 64 worker threads.
[Sun Oct 11 22:38:30.083464 2020] [mpm_winnt:notice] [pid 4456:tid 624] AH00422: Parent: Received shutdown signal -- Shutting down the server.
[Sun Oct 11 22:38:32.086073 2020] [mpm_winnt:notice] [pid 6308:tid 136] AH00364: Child: All worker threads have exited.
[Sun Oct 11 22:38:32.306311 2020] [mpm_winnt:notice] [pid 4456:tid 624] AH00430: Parent: Child process 6308 exited successfully.
[Mon Oct 12 20:30:33.017460 2020] [mpm_winnt:notice] [pid 4684:tid 636] AH00455: Apache/2.4.33 (Win64) PHP/7.2.7 configured -- resuming normal operations
[Mon Oct 12 20:30:33.025455 2020] [mpm_winnt:notice] [pid 4684:tid 636] AH00456: Apache Lounge VC15 Server built: Mar 28 2018 12:38:12
[Mon Oct 12 20:30:33.025455 2020] [core:notice] [pid 4684:tid 636] AH00094: Command line: 'D:\\SERVER\\Apache24\\bin\\httpd.exe -d D:/SERVER/Apache24'
[Mon Oct 12 20:30:33.026465 2020] [mpm_winnt:notice] [pid 4684:tid 636] AH00418: Parent: Created child process 6808
[Mon Oct 12 20:30:33.339060 2020] [mpm_winnt:notice] [pid 6808:tid 680] AH00354: Child: Starting 64 worker threads.
[Wed Oct 14 22:27:29.704067 2020] [mpm_winnt:notice] [pid 4684:tid 636] AH00422: Parent: Received shutdown signal -- Shutting down the server.
[Wed Oct 14 22:27:31.749664 2020] [mpm_winnt:notice] [pid 6808:tid 680] AH00364: Child: All worker threads have exited.
[Wed Oct 14 22:27:32.688771 2020] [mpm_winnt:notice] [pid 4684:tid 636] AH00430: Parent: Child process 6808 exited successfully.
[Thu Oct 15 20:21:11.914894 2020] [mpm_winnt:notice] [pid 4312:tid 724] AH00455: Apache/2.4.33 (Win64) PHP/7.2.7 configured -- resuming normal operations
[Thu Oct 15 20:21:11.921891 2020] [mpm_winnt:notice] [pid 4312:tid 724] AH00456: Apache Lounge VC15 Server built: Mar 28 2018 12:38:12
[Thu Oct 15 20:21:11.921891 2020] [core:notice] [pid 4312:tid 724] AH00094: Command line: 'D:\\SERVER\\Apache24\\bin\\httpd.exe -d D:/SERVER/Apache24'
[Thu Oct 15 20:21:11.922890 2020] [mpm_winnt:notice] [pid 4312:tid 724] AH00418: Parent: Created child process 6152
[Thu Oct 15 20:21:12.258731 2020] [mpm_winnt:notice] [pid 6152:tid 688] AH00354: Child: Starting 64 worker threads.
[Thu Oct 15 22:04:38.491795 2020] [mpm_winnt:notice] [pid 4312:tid 724] AH00422: Parent: Received shutdown signal -- Shutting down the server.
[Thu Oct 15 22:04:40.500281 2020] [mpm_winnt:notice] [pid 6152:tid 688] AH00364: Child: All worker threads have exited.
[Thu Oct 15 22:04:40.715695 2020] [mpm_winnt:notice] [pid 4312:tid 724] AH00430: Parent: Child process 6152 exited successfully.
[Fri Oct 16 19:40:45.151743 2020] [mpm_winnt:notice] [pid 4472:tid 740] AH00455: Apache/2.4.33 (Win64) PHP/7.2.7 configured -- resuming normal operations
[Fri Oct 16 19:40:45.161058 2020] [mpm_winnt:notice] [pid 4472:tid 740] AH00456: Apache Lounge VC15 Server built: Mar 28 2018 12:38:12
[Fri Oct 16 19:40:45.161058 2020] [core:notice] [pid 4472:tid 740] AH00094: Command line: 'D:\\SERVER\\Apache24\\bin\\httpd.exe -d D:/SERVER/Apache24'
[Fri Oct 16 19:40:45.161058 2020] [mpm_winnt:notice] [pid 4472:tid 740] AH00418: Parent: Created child process 6352
[Fri Oct 16 19:40:45.498027 2020] [mpm_winnt:notice] [pid 6352:tid 676] AH00354: Child: Starting 64 worker threads.
[Fri Oct 16 21:15:16.127922 2020] [mpm_winnt:notice] [pid 4472:tid 740] AH00422: Parent: Received shutdown signal -- Shutting down the server.
[Fri Oct 16 21:15:18.222438 2020] [mpm_winnt:notice] [pid 6352:tid 676] AH00364: Child: All worker threads have exited.
[Fri Oct 16 21:15:18.398072 2020] [mpm_winnt:notice] [pid 4472:tid 740] AH00430: Parent: Child process 6352 exited successfully.
[Fri Oct 16 21:15:45.607352 2020] [mpm_winnt:notice] [pid 4720:tid 756] AH00455: Apache/2.4.33 (Win64) PHP/7.2.7 configured -- resuming normal operations
[Fri Oct 16 21:15:45.615348 2020] [mpm_winnt:notice] [pid 4720:tid 756] AH00456: Apache Lounge VC15 Server built: Mar 28 2018 12:38:12
[Fri Oct 16 21:15:45.615348 2020] [core:notice] [pid 4720:tid 756] AH00094: Command line: 'D:\\SERVER\\Apache24\\bin\\httpd.exe -d D:/SERVER/Apache24'
[Fri Oct 16 21:15:45.616347 2020] [mpm_winnt:notice] [pid 4720:tid 756] AH00418: Parent: Created child process 6936
[Fri Oct 16 21:15:45.970028 2020] [mpm_winnt:notice] [pid 6936:tid 640] AH00354: Child: Starting 64 worker threads.
[Sun Oct 25 22:37:28.027590 2020] [mpm_winnt:notice] [pid 4720:tid 756] AH00422: Parent: Received shutdown signal -- Shutting down the server.
[Sun Oct 25 22:37:30.158073 2020] [mpm_winnt:notice] [pid 6936:tid 640] AH00364: Child: All worker threads have exited.
[Sun Oct 25 22:37:31.078966 2020] [mpm_winnt:notice] [pid 4720:tid 756] AH00430: Parent: Child process 6936 exited successfully.
[Mon Oct 26 18:23:56.739191 2020] [mpm_winnt:notice] [pid 4608:tid 712] AH00455: Apache/2.4.33 (Win64) PHP/7.2.7 configured -- resuming normal operations
[Mon Oct 26 18:23:56.747186 2020] [mpm_winnt:notice] [pid 4608:tid 712] AH00456: Apache Lounge VC15 Server built: Mar 28 2018 12:38:12
[Mon Oct 26 18:23:56.748203 2020] [core:notice] [pid 4608:tid 712] AH00094: Command line: 'D:\\SERVER\\Apache24\\bin\\httpd.exe -d D:/SERVER/Apache24'
[Mon Oct 26 18:23:56.749185 2020] [mpm_winnt:notice] [pid 4608:tid 712] AH00418: Parent: Created child process 6424
[Mon Oct 26 18:23:57.261955 2020] [mpm_winnt:notice] [pid 6424:tid 676] AH00354: Child: Starting 64 worker threads.
[Sat Nov 14 01:11:42.760448 2020] [mpm_winnt:notice] [pid 4608:tid 712] AH00422: Parent: Received shutdown signal -- Shutting down the server.
[Sat Nov 14 01:11:44.946653 2020] [mpm_winnt:notice] [pid 6424:tid 676] AH00364: Child: All worker threads have exited.
[Sat Nov 14 01:11:46.070049 2020] [mpm_winnt:notice] [pid 4608:tid 712] AH00430: Parent: Child process 6424 exited successfully.
[Sat Nov 14 07:33:11.351917 2020] [mpm_winnt:notice] [pid 4304:tid 740] AH00455: Apache/2.4.33 (Win64) PHP/7.2.7 configured -- resuming normal operations
[Sat Nov 14 07:33:11.351917 2020] [mpm_winnt:notice] [pid 4304:tid 740] AH00456: Apache Lounge VC15 Server built: Mar 28 2018 12:38:12
[Sat Nov 14 07:33:11.351917 2020] [core:notice] [pid 4304:tid 740] AH00094: Command line: 'D:\\SERVER\\Apache24\\bin\\httpd.exe -d D:/SERVER/Apache24'
[Sat Nov 14 07:33:11.351917 2020] [mpm_winnt:notice] [pid 4304:tid 740] AH00418: Parent: Created child process 6196
[Sat Nov 14 07:33:11.805010 2020] [mpm_winnt:notice] [pid 6196:tid 684] AH00354: Child: Starting 64 worker threads.
[Sat Nov 14 07:33:54.923997 2020] [mpm_winnt:notice] [pid 4304:tid 740] AH00422: Parent: Received shutdown signal -- Shutting down the server.
[Sat Nov 14 07:33:56.943359 2020] [mpm_winnt:notice] [pid 6196:tid 684] AH00364: Child: All worker threads have exited.
[Sat Nov 14 07:33:57.039350 2020] [mpm_winnt:notice] [pid 4304:tid 740] AH00430: Parent: Child process 6196 exited successfully.
[Sat Nov 14 07:34:22.127727 2020] [mpm_winnt:notice] [pid 5156:tid 700] AH00455: Apache/2.4.33 (Win64) PHP/7.2.7 configured -- resuming normal operations
[Sat Nov 14 07:34:22.143351 2020] [mpm_winnt:notice] [pid 5156:tid 700] AH00456: Apache Lounge VC15 Server built: Mar 28 2018 12:38:12
[Sat Nov 14 07:34:22.143351 2020] [core:notice] [pid 5156:tid 700] AH00094: Command line: 'D:\\SERVER\\Apache24\\bin\\httpd.exe -d D:/SERVER/Apache24'
[Sat Nov 14 07:34:22.143351 2020] [mpm_winnt:notice] [pid 5156:tid 700] AH00418: Parent: Created child process 6824
[Sat Nov 14 07:34:23.482394 2020] [mpm_winnt:notice] [pid 6824:tid 512] AH00354: Child: Starting 64 worker threads.
[Tue Nov 17 19:52:33.749488 2020] [mpm_winnt:notice] [pid 5156:tid 700] AH00422: Parent: Received shutdown signal -- Shutting down the server.
[Tue Nov 17 19:52:35.890466 2020] [mpm_winnt:notice] [pid 6824:tid 512] AH00364: Child: All worker threads have exited.
[Tue Nov 17 19:52:36.059761 2020] [mpm_winnt:notice] [pid 5156:tid 700] AH00430: Parent: Child process 6824 exited successfully.
[Tue Nov 17 19:53:33.372717 2020] [mpm_winnt:notice] [pid 4960:tid 744] AH00455: Apache/2.4.33 (Win64) PHP/7.2.7 configured -- resuming normal operations
[Tue Nov 17 19:53:33.387721 2020] [mpm_winnt:notice] [pid 4960:tid 744] AH00456: Apache Lounge VC15 Server built: Mar 28 2018 12:38:12
[Tue Nov 17 19:53:33.387721 2020] [core:notice] [pid 4960:tid 744] AH00094: Command line: 'D:\\SERVER\\Apache24\\bin\\httpd.exe -d D:/SERVER/Apache24'
[Tue Nov 17 19:53:33.388720 2020] [mpm_winnt:notice] [pid 4960:tid 744] AH00418: Parent: Created child process 8664
[Tue Nov 17 19:53:34.025357 2020] [mpm_winnt:notice] [pid 8664:tid 576] AH00354: Child: Starting 64 worker threads.
[Thu Nov 26 11:42:40.829686 2020] [php7:notice] [pid 8664:tid 1208] [client ::1:56299] PHP Warning:  simplexml_load_string(): Entity: line 1: parser error : Start tag expected, '&lt;' not found in D:\\SERVER\\WWW\\test.php on line 17, referer: http://localhost:8080/
[Thu Nov 26 11:42:40.846676 2020] [php7:notice] [pid 8664:tid 1208] [client ::1:56299] PHP Stack trace:, referer: http://localhost:8080/
[Thu Nov 26 11:42:40.846676 2020] [php7:notice] [pid 8664:tid 1208] [client ::1:56299] PHP   1. {main}() D:\\SERVER\\WWW\\test.php:0, referer: http://localhost:8080/
[Thu Nov 26 11:42:40.846676 2020] [php7:notice] [pid 8664:tid 1208] [client ::1:56299] PHP   2. simplexml_load_string() D:\\SERVER\\WWW\\test.php:17, referer: http://localhost:8080/
[Thu Nov 26 11:42:40.846676 2020] [php7:notice] [pid 8664:tid 1208] [client ::1:56299] PHP Warning:  simplexml_load_string(): &lt;?xml version=&quot;1.0&quot; encoding=&quot;UTF-8&quot;?&gt;1SEnvelope xmlns:S=&quot;http://schemas.xmlsoap in D:\\SERVER\\WWW\\test.php on line 17, referer: http://localhost:8080/
[Thu Nov 26 11:42:40.846676 2020] [php7:notice] [pid 8664:tid 1208] [client ::1:56299] PHP Stack trace:, referer: http://localhost:8080/
[Thu Nov 26 11:42:40.846676 2020] [php7:notice] [pid 8664:tid 1208] [client ::1:56299] PHP   1. {main}() D:\\SERVER\\WWW\\test.php:0, referer: http://localhost:8080/
[Thu Nov 26 11:42:40.846676 2020] [php7:notice] [pid 8664:tid 1208] [client ::1:56299] PHP   2. simplexml_load_string() D:\\SERVER\\WWW\\test.php:17, referer: http://localhost:8080/
[Thu Nov 26 11:42:40.846676 2020] [php7:notice] [pid 8664:tid 1208] [client ::1:56299] PHP Warning:  simplexml_load_string():                                       ^ in D:\\SERVER\\WWW\\test.php on line 17, referer: http://localhost:8080/
[Thu Nov 26 11:42:40.846676 2020] [php7:notice] [pid 8664:tid 1208] [client ::1:56299] PHP Stack trace:, referer: http://localhost:8080/
[Thu Nov 26 11:42:40.846676 2020] [php7:notice] [pid 8664:tid 1208] [client ::1:56299] PHP   1. {main}() D:\\SERVER\\WWW\\test.php:0, referer: http://localhost:8080/
[Thu Nov 26 11:42:40.846676 2020] [php7:notice] [pid 8664:tid 1208] [client ::1:56299] PHP   2. simplexml_load_string() D:\\SERVER\\WWW\\test.php:17, referer: http://localhost:8080/
[Thu Nov 26 11:42:41.311447 2020] [php7:notice] [pid 8664:tid 1208] [client ::1:56299] PHP Warning:  simplexml_load_string(): Entity: line 1: parser error : Start tag expected, '&lt;' not found in D:\\SERVER\\WWW\\test.php on line 17, referer: http://localhost:8080/
[Thu Nov 26 11:42:41.311447 2020] [php7:notice] [pid 8664:tid 1208] [client ::1:56299] PHP Stack trace:, referer: http://localhost:8080/
[Thu Nov 26 11:42:41.311447 2020] [php7:notice] [pid 8664:tid 1208] [client ::1:56299] PHP   1. {main}() D:\\SERVER\\WWW\\test.php:0, referer: http://localhost:8080/
[Thu Nov 26 11:42:41.311447 2020] [php7:notice] [pid 8664:tid 1208] [client ::1:56299] PHP   2. simplexml_load_string() D:\\SERVER\\WWW\\test.php:17, referer: http://localhost:8080/
[Thu Nov 26 11:42:41.311447 2020] [php7:notice] [pid 8664:tid 1208] [client ::1:56299] PHP Warning:  simplexml_load_string(): &lt;?xml version=&quot;1.0&quot; encoding=&quot;UTF-8&quot;?&gt;1SEnvelope xmlns:S=&quot;http://schemas.xmlsoap in D:\\SERVER\\WWW\\test.php on line 17, referer: http://localhost:8080/
[Thu Nov 26 11:42:41.311447 2020] [php7:notice] [pid 8664:tid 1208] [client ::1:56299] PHP Stack trace:, referer: http://localhost:8080/
[Thu Nov 26 11:42:41.311447 2020] [php7:notice] [pid 8664:tid 1208] [client ::1:56299] PHP   1. {main}() D:\\SERVER\\WWW\\test.php:0, referer: http://localhost:8080/
[Thu Nov 26 11:42:41.311447 2020] [php7:notice] [pid 8664:tid 1208] [client ::1:56299] PHP   2. simplexml_load_string() D:\\SERVER\\WWW\\test.php:17, referer: http://localhost:8080/
[Thu Nov 26 11:42:41.311447 2020] [php7:notice] [pid 8664:tid 1208] [client ::1:56299] PHP Warning:  simplexml_load_string():                                       ^ in D:\\SERVER\\WWW\\test.php on line 17, referer: http://localhost:8080/
[Thu Nov 26 11:42:41.311447 2020] [php7:notice] [pid 8664:tid 1208] [client ::1:56299] PHP Stack trace:, referer: http://localhost:8080/
[Thu Nov 26 11:42:41.311447 2020] [php7:notice] [pid 8664:tid 1208] [client ::1:56299] PHP   1. {main}() D:\\SERVER\\WWW\\test.php:0, referer: http://localhost:8080/
[Thu Nov 26 11:42:41.311447 2020] [php7:notice] [pid 8664:tid 1208] [client ::1:56299] PHP   2. simplexml_load_string() D:\\SERVER\\WWW\\test.php:17, referer: http://localhost:8080/
[Thu Nov 26 11:42:41.508335 2020] [php7:notice] [pid 8664:tid 1208] [client ::1:56299] PHP Warning:  simplexml_load_string(): Entity: line 1: parser error : Start tag expected, '&lt;' not found in D:\\SERVER\\WWW\\test.php on line 17, referer: http://localhost:8080/
[Thu Nov 26 11:42:41.508335 2020] [php7:notice] [pid 8664:tid 1208] [client ::1:56299] PHP Stack trace:, referer: http://localhost:8080/
[Thu Nov 26 11:42:41.508335 2020] [php7:notice] [pid 8664:tid 1208] [client ::1:56299] PHP   1. {main}() D:\\SERVER\\WWW\\test.php:0, referer: http://localhost:8080/
[Thu Nov 26 11:42:41.508335 2020] [php7:notice] [pid 8664:tid 1208] [client ::1:56299] PHP   2. simplexml_load_string() D:\\SERVER\\WWW\\test.php:17, referer: http://localhost:8080/
[Thu Nov 26 11:42:41.508335 2020] [php7:notice] [pid 8664:tid 1208] [client ::1:56299] PHP Warning:  simplexml_load_string(): &lt;?xml version=&quot;1.0&quot; encoding=&quot;UTF-8&quot;?&gt;1SEnvelope xmlns:S=&quot;http://schemas.xmlsoap in D:\\SERVER\\WWW\\test.php on line 17, referer: http://localhost:8080/
[Thu Nov 26 11:42:41.508335 2020] [php7:notice] [pid 8664:tid 1208] [client ::1:56299] PHP Stack trace:, referer: http://localhost:8080/
[Thu Nov 26 11:42:41.508335 2020] [php7:notice] [pid 8664:tid 1208] [client ::1:56299] PHP   1. {main}() D:\\SERVER\\WWW\\test.php:0, referer: http://localhost:8080/
[Thu Nov 26 11:42:41.508335 2020] [php7:notice] [pid 8664:tid 1208] [client ::1:56299] PHP   2. simplexml_load_string() D:\\SERVER\\WWW\\test.php:17, referer: http://localhost:8080/
[Thu Nov 26 11:42:41.508335 2020] [php7:notice] [pid 8664:tid 1208] [client ::1:56299] PHP Warning:  simplexml_load_string():                                       ^ in D:\\SERVER\\WWW\\test.php on line 17, referer: http://localhost:8080/
[Thu Nov 26 11:42:41.508335 2020] [php7:notice] [pid 8664:tid 1208] [client ::1:56299] PHP Stack trace:, referer: http://localhost:8080/
[Thu Nov 26 11:42:41.508335 2020] [php7:notice] [pid 8664:tid 1208] [client ::1:56299] PHP   1. {main}() D:\\SERVER\\WWW\\test.php:0, referer: http://localhost:8080/
[Thu Nov 26 11:42:41.508335 2020] [php7:notice] [pid 8664:tid 1208] [client ::1:56299] PHP   2. simplexml_load_string() D:\\SERVER\\WWW\\test.php:17, referer: http://localhost:8080/
[Thu Nov 26 11:42:41.677744 2020] [php7:notice] [pid 8664:tid 1208] [client ::1:56299] PHP Warning:  simplexml_load_string(): Entity: line 1: parser error : Start tag expected, '&lt;' not found in D:\\SERVER\\WWW\\test.php on line 17, referer: http://localhost:8080/
[Thu Nov 26 11:42:41.677744 2020] [php7:notice] [pid 8664:tid 1208] [client ::1:56299] PHP Stack trace:, referer: http://localhost:8080/
[Thu Nov 26 11:42:41.677744 2020] [php7:notice] [pid 8664:tid 1208] [client ::1:56299] PHP   1. {main}() D:\\SERVER\\WWW\\test.php:0, referer: http://localhost:8080/
[Thu Nov 26 11:42:41.677744 2020] [php7:notice] [pid 8664:tid 1208] [client ::1:56299] PHP   2. simplexml_load_string() D:\\SERVER\\WWW\\test.php:17, referer: http://localhost:8080/
[Thu Nov 26 11:42:41.677744 2020] [php7:notice] [pid 8664:tid 1208] [client ::1:56299] PHP Warning:  simplexml_load_string(): &lt;?xml version=&quot;1.0&quot; encoding=&quot;UTF-8&quot;?&gt;1SEnvelope xmlns:S=&quot;http://schemas.xmlsoap in D:\\SERVER\\WWW\\test.php on line 17, referer: http://localhost:8080/
[Thu Nov 26 11:42:41.677744 2020] [php7:notice] [pid 8664:tid 1208] [client ::1:56299] PHP Stack trace:, referer: http://localhost:8080/
[Thu Nov 26 11:42:41.677744 2020] [php7:notice] [pid 8664:tid 1208] [client ::1:56299] PHP   1. {main}() D:\\SERVER\\WWW\\test.php:0, referer: http://localhost:8080/
[Thu Nov 26 11:42:41.677744 2020] [php7:notice] [pid 8664:tid 1208] [client ::1:56299] PHP   2. simplexml_load_string() D:\\SERVER\\WWW\\test.php:17, referer: http://localhost:8080/
[Thu Nov 26 11:42:41.677744 2020] [php7:notice] [pid 8664:tid 1208] [client ::1:56299] PHP Warning:  simplexml_load_string():                                       ^ in D:\\SERVER\\WWW\\test.php on line 17, referer: http://localhost:8080/
[Thu Nov 26 11:42:41.677744 2020] [php7:notice] [pid 8664:tid 1208] [client ::1:56299] PHP Stack trace:, referer: http://localhost:8080/
[Thu Nov 26 11:42:41.677744 2020] [php7:notice] [pid 8664:tid 1208] [client ::1:56299] PHP   1. {main}() D:\\SERVER\\WWW\\test.php:0, referer: http://localhost:8080/
[Thu Nov 26 11:42:41.677744 2020] [php7:notice] [pid 8664:tid 1208] [client ::1:56299] PHP   2. simplexml_load_string() D:\\SERVER\\WWW\\test.php:17, referer: http://localhost:8080/
[Thu Nov 26 11:45:57.964662 2020] [php7:notice] [pid 8664:tid 1212] [client ::1:56338] PHP Warning:  SimpleXMLElement::xpath(): Undefined namespace prefix in D:\\SERVER\\WWW\\test.php on line 5, referer: http://localhost:8080/
[Thu Nov 26 11:45:57.964662 2020] [php7:notice] [pid 8664:tid 1212] [client ::1:56338] PHP Stack trace:, referer: http://localhost:8080/
[Thu Nov 26 11:45:57.964662 2020] [php7:notice] [pid 8664:tid 1212] [client ::1:56338] PHP   1. {main}() D:\\SERVER\\WWW\\test.php:0, referer: http://localhost:8080/
[Thu Nov 26 11:45:57.964662 2020] [php7:notice] [pid 8664:tid 1212] [client ::1:56338] PHP   2. SimpleXMLElement->xpath() D:\\SERVER\\WWW\\test.php:5, referer: http://localhost:8080/
[Thu Nov 26 11:45:57.964662 2020] [php7:notice] [pid 8664:tid 1212] [client ::1:56338] PHP Warning:  Invalid argument supplied for foreach() in D:\\SERVER\\WWW\\test.php on line 5, referer: http://localhost:8080/
[Thu Nov 26 11:45:57.964662 2020] [php7:notice] [pid 8664:tid 1212] [client ::1:56338] PHP Stack trace:, referer: http://localhost:8080/
[Thu Nov 26 11:45:57.964662 2020] [php7:notice] [pid 8664:tid 1212] [client ::1:56338] PHP   1. {main}() D:\\SERVER\\WWW\\test.php:0, referer: http://localhost:8080/
[Thu Nov 26 11:45:58.611896 2020] [php7:notice] [pid 8664:tid 1212] [client ::1:56338] PHP Warning:  SimpleXMLElement::xpath(): Undefined namespace prefix in D:\\SERVER\\WWW\\test.php on line 5, referer: http://localhost:8080/
[Thu Nov 26 11:45:58.611896 2020] [php7:notice] [pid 8664:tid 1212] [client ::1:56338] PHP Stack trace:, referer: http://localhost:8080/
[Thu Nov 26 11:45:58.611896 2020] [php7:notice] [pid 8664:tid 1212] [client ::1:56338] PHP   1. {main}() D:\\SERVER\\WWW\\test.php:0, referer: http://localhost:8080/
[Thu Nov 26 11:45:58.611896 2020] [php7:notice] [pid 8664:tid 1212] [client ::1:56338] PHP   2. SimpleXMLElement->xpath() D:\\SERVER\\WWW\\test.php:5, referer: http://localhost:8080/
[Thu Nov 26 11:45:58.611896 2020] [php7:notice] [pid 8664:tid 1212] [client ::1:56338] PHP Warning:  Invalid argument supplied for foreach() in D:\\SERVER\\WWW\\test.php on line 5, referer: http://localhost:8080/
[Thu Nov 26 11:45:58.611896 2020] [php7:notice] [pid 8664:tid 1212] [client ::1:56338] PHP Stack trace:, referer: http://localhost:8080/
[Thu Nov 26 11:45:58.611896 2020] [php7:notice] [pid 8664:tid 1212] [client ::1:56338] PHP   1. {main}() D:\\SERVER\\WWW\\test.php:0, referer: http://localhost:8080/
[Thu Nov 26 11:46:09.322961 2020] [php7:notice] [pid 8664:tid 1208] [client ::1:56343] PHP Warning:  SimpleXMLElement::xpath(): Undefined namespace prefix in D:\\SERVER\\WWW\\test.php on line 5, referer: http://localhost:8080/
[Thu Nov 26 11:46:09.322961 2020] [php7:notice] [pid 8664:tid 1208] [client ::1:56343] PHP Stack trace:, referer: http://localhost:8080/
[Thu Nov 26 11:46:09.322961 2020] [php7:notice] [pid 8664:tid 1208] [client ::1:56343] PHP   1. {main}() D:\\SERVER\\WWW\\test.php:0, referer: http://localhost:8080/
[Thu Nov 26 11:46:09.322961 2020] [php7:notice] [pid 8664:tid 1208] [client ::1:56343] PHP   2. SimpleXMLElement->xpath() D:\\SERVER\\WWW\\test.php:5, referer: http://localhost:8080/
[Thu Nov 26 11:46:09.322961 2020] [php7:notice] [pid 8664:tid 1208] [client ::1:56343] PHP Warning:  Invalid argument supplied for foreach() in D:\\SERVER\\WWW\\test.php on line 5, referer: http://localhost:8080/
[Thu Nov 26 11:46:09.322961 2020] [php7:notice] [pid 8664:tid 1208] [client ::1:56343] PHP Stack trace:, referer: http://localhost:8080/
[Thu Nov 26 11:46:09.323961 2020] [php7:notice] [pid 8664:tid 1208] [client ::1:56343] PHP   1. {main}() D:\\SERVER\\WWW\\test.php:0, referer: http://localhost:8080/
[Thu Nov 26 11:46:09.323961 2020] [php7:notice] [pid 8664:tid 1208] [client ::1:56343] PHP Notice:  Undefined variable: output in D:\\SERVER\\WWW\\test.php on line 9, referer: http://localhost:8080/
[Thu Nov 26 11:46:09.323961 2020] [php7:notice] [pid 8664:tid 1208] [client ::1:56343] PHP Stack trace:, referer: http://localhost:8080/
[Thu Nov 26 11:46:09.323961 2020] [php7:notice] [pid 8664:tid 1208] [client ::1:56343] PHP   1. {main}() D:\\SERVER\\WWW\\test.php:0, referer: http://localhost:8080/
[Thu Nov 26 11:46:09.908083 2020] [php7:notice] [pid 8664:tid 1208] [client ::1:56343] PHP Warning:  SimpleXMLElement::xpath(): Undefined namespace prefix in D:\\SERVER\\WWW\\test.php on line 5, referer: http://localhost:8080/
[Thu Nov 26 11:46:09.908083 2020] [php7:notice] [pid 8664:tid 1208] [client ::1:56343] PHP Stack trace:, referer: http://localhost:8080/
[Thu Nov 26 11:46:09.908083 2020] [php7:notice] [pid 8664:tid 1208] [client ::1:56343] PHP   1. {main}() D:\\SERVER\\WWW\\test.php:0, referer: http://localhost:8080/
[Thu Nov 26 11:46:09.908083 2020] [php7:notice] [pid 8664:tid 1208] [client ::1:56343] PHP   2. SimpleXMLElement->xpath() D:\\SERVER\\WWW\\test.php:5, referer: http://localhost:8080/
[Thu Nov 26 11:46:09.908083 2020] [php7:notice] [pid 8664:tid 1208] [client ::1:56343] PHP Warning:  Invalid argument supplied for foreach() in D:\\SERVER\\WWW\\test.php on line 5, referer: http://localhost:8080/
[Thu Nov 26 11:46:09.908083 2020] [php7:notice] [pid 8664:tid 1208] [client ::1:56343] PHP Stack trace:, referer: http://localhost:8080/
[Thu Nov 26 11:46:09.908083 2020] [php7:notice] [pid 8664:tid 1208] [client ::1:56343] PHP   1. {main}() D:\\SERVER\\WWW\\test.php:0, referer: http://localhost:8080/
[Thu Nov 26 11:46:09.908083 2020] [php7:notice] [pid 8664:tid 1208] [client ::1:56343] PHP Notice:  Undefined variable: output in D:\\SERVER\\WWW\\test.php on line 9, referer: http://localhost:8080/
[Thu Nov 26 11:46:09.908083 2020] [php7:notice] [pid 8664:tid 1208] [client ::1:56343] PHP Stack trace:, referer: http://localhost:8080/
[Thu Nov 26 11:46:09.908083 2020] [php7:notice] [pid 8664:tid 1208] [client ::1:56343] PHP   1. {main}() D:\\SERVER\\WWW\\test.php:0, referer: http://localhost:8080/
[Thu Nov 26 11:46:10.076986 2020] [php7:notice] [pid 8664:tid 1208] [client ::1:56343] PHP Warning:  SimpleXMLElement::xpath(): Undefined namespace prefix in D:\\SERVER\\WWW\\test.php on line 5, referer: http://localhost:8080/
[Thu Nov 26 11:46:10.077985 2020] [php7:notice] [pid 8664:tid 1208] [client ::1:56343] PHP Stack trace:, referer: http://localhost:8080/
[Thu Nov 26 11:46:10.077985 2020] [php7:notice] [pid 8664:tid 1208] [client ::1:56343] PHP   1. {main}() D:\\SERVER\\WWW\\test.php:0, referer: http://localhost:8080/
[Thu Nov 26 11:46:10.077985 2020] [php7:notice] [pid 8664:tid 1208] [client ::1:56343] PHP   2. SimpleXMLElement->xpath() D:\\SERVER\\WWW\\test.php:5, referer: http://localhost:8080/
[Thu Nov 26 11:46:10.077985 2020] [php7:notice] [pid 8664:tid 1208] [client ::1:56343] PHP Warning:  Invalid argument supplied for foreach() in D:\\SERVER\\WWW\\test.php on line 5, referer: http://localhost:8080/
[Thu Nov 26 11:46:10.077985 2020] [php7:notice] [pid 8664:tid 1208] [client ::1:56343] PHP Stack trace:, referer: http://localhost:8080/
[Thu Nov 26 11:46:10.077985 2020] [php7:notice] [pid 8664:tid 1208] [client ::1:56343] PHP   1. {main}() D:\\SERVER\\WWW\\test.php:0, referer: http://localhost:8080/
[Thu Nov 26 11:46:10.077985 2020] [php7:notice] [pid 8664:tid 1208] [client ::1:56343] PHP Notice:  Undefined variable: output in D:\\SERVER\\WWW\\test.php on line 9, referer: http://localhost:8080/
[Thu Nov 26 11:46:10.077985 2020] [php7:notice] [pid 8664:tid 1208] [client ::1:56343] PHP Stack trace:, referer: http://localhost:8080/
[Thu Nov 26 11:46:10.077985 2020] [php7:notice] [pid 8664:tid 1208] [client ::1:56343] PHP   1. {main}() D:\\SERVER\\WWW\\test.php:0, referer: http://localhost:8080/
[Thu Nov 26 12:57:51.611678 2020] [mpm_winnt:notice] [pid 4960:tid 744] AH00422: Parent: Received shutdown signal -- Shutting down the server.
[Thu Nov 26 12:57:53.628849 2020] [mpm_winnt:notice] [pid 8664:tid 576] AH00364: Child: All worker threads have exited.
[Thu Nov 26 12:57:54.560920 2020] [mpm_winnt:notice] [pid 4960:tid 744] AH00430: Parent: Child process 8664 exited successfully.
[Thu Nov 26 12:58:30.328187 2020] [mpm_winnt:notice] [pid 4928:tid 740] AH00455: Apache/2.4.33 (Win64) PHP/7.2.7 configured -- resuming normal operations
[Thu Nov 26 12:58:30.352080 2020] [mpm_winnt:notice] [pid 4928:tid 740] AH00456: Apache Lounge VC15 Server built: Mar 28 2018 12:38:12
[Thu Nov 26 12:58:30.352080 2020] [core:notice] [pid 4928:tid 740] AH00094: Command line: 'D:\\SERVER\\Apache24\\bin\\httpd.exe -d D:/SERVER/Apache24'
[Thu Nov 26 12:58:30.353080 2020] [mpm_winnt:notice] [pid 4928:tid 740] AH00418: Parent: Created child process 7808
[Thu Nov 26 12:58:30.760846 2020] [mpm_winnt:notice] [pid 7808:tid 688] AH00354: Child: Starting 64 worker threads.
[Sat Dec 05 10:30:01.116360 2020] [mpm_winnt:notice] [pid 4928:tid 740] AH00422: Parent: Received shutdown signal -- Shutting down the server.
[Sat Dec 05 10:30:03.245103 2020] [mpm_winnt:notice] [pid 7808:tid 688] AH00364: Child: All worker threads have exited.
[Sat Dec 05 10:30:04.139770 2020] [mpm_winnt:notice] [pid 4928:tid 740] AH00430: Parent: Child process 7808 exited successfully.
[Sat Dec 05 10:30:42.595669 2020] [mpm_winnt:notice] [pid 4596:tid 728] AH00455: Apache/2.4.33 (Win64) PHP/7.2.7 configured -- resuming normal operations
[Sat Dec 05 10:30:42.605670 2020] [mpm_winnt:notice] [pid 4596:tid 728] AH00456: Apache Lounge VC15 Server built: Mar 28 2018 12:38:12
[Sat Dec 05 10:30:42.605670 2020] [core:notice] [pid 4596:tid 728] AH00094: Command line: 'D:\\SERVER\\Apache24\\bin\\httpd.exe -d D:/SERVER/Apache24'
[Sat Dec 05 10:30:42.606670 2020] [mpm_winnt:notice] [pid 4596:tid 728] AH00418: Parent: Created child process 7284
[Sat Dec 05 10:30:43.000670 2020] [mpm_winnt:notice] [pid 7284:tid 676] AH00354: Child: Starting 64 worker threads.
[Sat Dec 05 10:39:39.804602 2020] [mpm_winnt:notice] [pid 4596:tid 728] AH00422: Parent: Received shutdown signal -- Shutting down the server.
[Sat Dec 05 10:39:41.806057 2020] [mpm_winnt:notice] [pid 7284:tid 676] AH00364: Child: All worker threads have exited.
[Sat Dec 05 10:39:42.088611 2020] [mpm_winnt:notice] [pid 4596:tid 728] AH00430: Parent: Child process 7284 exited successfully.
[Sat Dec 05 10:40:10.922203 2020] [mpm_winnt:notice] [pid 4768:tid 696] AH00455: Apache/2.4.33 (Win64) PHP/7.2.7 configured -- resuming normal operations
[Sat Dec 05 10:40:10.932203 2020] [mpm_winnt:notice] [pid 4768:tid 696] AH00456: Apache Lounge VC15 Server built: Mar 28 2018 12:38:12
[Sat Dec 05 10:40:10.932203 2020] [core:notice] [pid 4768:tid 696] AH00094: Command line: 'D:\\SERVER\\Apache24\\bin\\httpd.exe -d D:/SERVER/Apache24'
[Sat Dec 05 10:40:10.935203 2020] [mpm_winnt:notice] [pid 4768:tid 696] AH00418: Parent: Created child process 7760
[Sat Dec 05 10:40:11.553203 2020] [mpm_winnt:notice] [pid 7760:tid 700] AH00354: Child: Starting 64 worker threads.
[Sat Dec 05 11:00:31.082555 2020] [mpm_winnt:notice] [pid 4768:tid 696] AH00422: Parent: Received shutdown signal -- Shutting down the server.
[Sat Dec 05 11:00:33.138243 2020] [mpm_winnt:notice] [pid 7760:tid 700] AH00364: Child: All worker threads have exited.
[Sat Dec 05 11:00:33.496975 2020] [mpm_winnt:notice] [pid 4768:tid 696] AH00430: Parent: Child process 7760 exited successfully.
[Sun Dec 06 11:26:46.601156 2020] [mpm_winnt:notice] [pid 4416:tid 732] AH00455: Apache/2.4.33 (Win64) PHP/7.2.7 configured -- resuming normal operations
[Sun Dec 06 11:26:46.632155 2020] [mpm_winnt:notice] [pid 4416:tid 732] AH00456: Apache Lounge VC15 Server built: Mar 28 2018 12:38:12
[Sun Dec 06 11:26:46.632155 2020] [core:notice] [pid 4416:tid 732] AH00094: Command line: 'D:\\SERVER\\Apache24\\bin\\httpd.exe -d D:/SERVER/Apache24'
[Sun Dec 06 11:26:46.634157 2020] [mpm_winnt:notice] [pid 4416:tid 732] AH00418: Parent: Created child process 7032
[Sun Dec 06 11:26:47.129679 2020] [mpm_winnt:notice] [pid 7032:tid 676] AH00354: Child: Starting 64 worker threads.
[Wed Dec 09 21:58:30.715084 2020] [mpm_winnt:notice] [pid 4416:tid 732] AH00422: Parent: Received shutdown signal -- Shutting down the server.
[Wed Dec 09 21:58:32.977836 2020] [mpm_winnt:notice] [pid 7032:tid 676] AH00364: Child: All worker threads have exited.
[Wed Dec 09 21:58:34.038232 2020] [mpm_winnt:notice] [pid 4416:tid 732] AH00430: Parent: Child process 7032 exited successfully.
[Thu Dec 10 13:52:26.148843 2020] [mpm_winnt:notice] [pid 4648:tid 744] AH00455: Apache/2.4.33 (Win64) PHP/7.2.7 configured -- resuming normal operations
[Thu Dec 10 13:52:26.170844 2020] [mpm_winnt:notice] [pid 4648:tid 744] AH00456: Apache Lounge VC15 Server built: Mar 28 2018 12:38:12
[Thu Dec 10 13:52:26.170844 2020] [core:notice] [pid 4648:tid 744] AH00094: Command line: 'D:\\SERVER\\Apache24\\bin\\httpd.exe -d D:/SERVER/Apache24'
[Thu Dec 10 13:52:26.171843 2020] [mpm_winnt:notice] [pid 4648:tid 744] AH00418: Parent: Created child process 4228
[Thu Dec 10 13:52:26.708843 2020] [mpm_winnt:notice] [pid 4228:tid 560] AH00354: Child: Starting 64 worker threads.
[Fri Dec 11 23:46:10.240950 2020] [mpm_winnt:notice] [pid 4648:tid 744] AH00422: Parent: Received shutdown signal -- Shutting down the server.
[Fri Dec 11 23:46:12.373087 2020] [mpm_winnt:notice] [pid 4228:tid 560] AH00364: Child: All worker threads have exited.
[Fri Dec 11 23:46:13.222040 2020] [mpm_winnt:notice] [pid 4648:tid 744] AH00430: Parent: Child process 4228 exited successfully.
[Sat Dec 12 19:03:57.730174 2020] [mpm_winnt:notice] [pid 4752:tid 736] AH00455: Apache/2.4.33 (Win64) PHP/7.2.7 configured -- resuming normal operations
[Sat Dec 12 19:03:57.753173 2020] [mpm_winnt:notice] [pid 4752:tid 736] AH00456: Apache Lounge VC15 Server built: Mar 28 2018 12:38:12
[Sat Dec 12 19:03:57.753173 2020] [core:notice] [pid 4752:tid 736] AH00094: Command line: 'D:\\SERVER\\Apache24\\bin\\httpd.exe -d D:/SERVER/Apache24'
[Sat Dec 12 19:03:57.754175 2020] [mpm_winnt:notice] [pid 4752:tid 736] AH00418: Parent: Created child process 4224
[Sat Dec 12 19:03:58.473173 2020] [mpm_winnt:notice] [pid 4224:tid 688] AH00354: Child: Starting 64 worker threads.
[Mon Dec 14 22:14:07.580566 2020] [mpm_winnt:notice] [pid 4752:tid 736] AH00422: Parent: Received shutdown signal -- Shutting down the server.
[Mon Dec 14 22:14:09.796247 2020] [mpm_winnt:notice] [pid 4224:tid 688] AH00364: Child: All worker threads have exited.
[Mon Dec 14 22:14:10.305961 2020] [mpm_winnt:notice] [pid 4752:tid 736] AH00430: Parent: Child process 4224 exited successfully.
[Mon Dec 14 22:14:40.480631 2020] [mpm_winnt:notice] [pid 4804:tid 744] AH00455: Apache/2.4.33 (Win64) PHP/7.2.7 configured -- resuming normal operations
[Mon Dec 14 22:14:40.489632 2020] [mpm_winnt:notice] [pid 4804:tid 744] AH00456: Apache Lounge VC15 Server built: Mar 28 2018 12:38:12
[Mon Dec 14 22:14:40.489632 2020] [core:notice] [pid 4804:tid 744] AH00094: Command line: 'D:\\SERVER\\Apache24\\bin\\httpd.exe -d D:/SERVER/Apache24'
[Mon Dec 14 22:14:40.490631 2020] [mpm_winnt:notice] [pid 4804:tid 744] AH00418: Parent: Created child process 7260
[Mon Dec 14 22:14:41.238102 2020] [mpm_winnt:notice] [pid 7260:tid 784] AH00354: Child: Starting 64 worker threads.
[Sat Dec 19 13:41:39.569980 2020] [mpm_winnt:notice] [pid 4804:tid 744] AH00422: Parent: Received shutdown signal -- Shutting down the server.
[Sat Dec 19 13:41:41.605982 2020] [mpm_winnt:notice] [pid 7260:tid 784] AH00364: Child: All worker threads have exited.
[Sat Dec 19 13:41:41.788994 2020] [mpm_winnt:notice] [pid 4804:tid 744] AH00430: Parent: Child process 7260 exited successfully.
